2025-02-06 09:13:22 [restartedMain] INFO  c.e.d.Eventmanagementfinal1Application - Starting Eventmanagementfinal1Application using Java 21.0.4 with PID 4912 (C:\Users\2376762\Workspace-Base\finalevaluationproject\eventmanagementfinalcopy\target\classes started by 2376762 in C:\Users\2376762\Workspace-Base\finalevaluationproject\eventmanagementfinalcopy)
2025-02-06 09:13:22 [restartedMain] DEBUG c.e.d.Eventmanagementfinal1Application - Running with Spring Boot v3.4.2, Spring v6.2.2
2025-02-06 09:13:22 [restartedMain] INFO  c.e.d.Eventmanagementfinal1Application - No active profile set, falling back to 1 default profile: "default"
2025-02-06 09:13:22 [restartedMain] INFO  o.s.b.d.e.DevToolsPropertyDefaultsPostProcessor - Devtools property defaults active! Set 'spring.devtools.add-properties' to 'false' to disable
2025-02-06 09:13:22 [restartedMain] INFO  o.s.b.d.e.DevToolsPropertyDefaultsPostProcessor - For additional web related logging consider setting the 'logging.level.web' property to 'DEBUG'
2025-02-06 09:13:22 [restartedMain] INFO  o.s.d.r.c.RepositoryConfigurationDelegate - Bootstrapping Spring Data JPA repositories in DEFAULT mode.
2025-02-06 09:13:23 [restartedMain] INFO  o.s.d.r.c.RepositoryConfigurationDelegate - Finished Spring Data repository scanning in 60 ms. Found 3 JPA repository interfaces.
2025-02-06 09:13:23 [restartedMain] INFO  o.s.b.w.e.tomcat.TomcatWebServer - Tomcat initialized with port 4001 (http)
2025-02-06 09:13:23 [restartedMain] INFO  o.a.catalina.core.StandardService - Starting service [Tomcat]
2025-02-06 09:13:23 [restartedMain] INFO  o.a.catalina.core.StandardEngine - Starting Servlet engine: [Apache Tomcat/10.1.34]
2025-02-06 09:13:23 [restartedMain] INFO  o.a.c.c.C.[Tomcat].[localhost].[/] - Initializing Spring embedded WebApplicationContext
2025-02-06 09:13:23 [restartedMain] INFO  o.s.b.w.s.c.ServletWebServerApplicationContext - Root WebApplicationContext: initialization completed in 1854 ms
2025-02-06 09:13:24 [restartedMain] INFO  o.h.jpa.internal.util.LogHelper - HHH000204: Processing PersistenceUnitInfo [name: default]
2025-02-06 09:13:24 [restartedMain] INFO  org.hibernate.Version - HHH000412: Hibernate ORM core version 6.6.5.Final
2025-02-06 09:13:24 [restartedMain] INFO  o.h.c.i.RegionFactoryInitiator - HHH000026: Second-level cache disabled
2025-02-06 09:13:24 [restartedMain] INFO  o.s.o.j.p.SpringPersistenceUnitInfo - No LoadTimeWeaver setup: ignoring JPA class transformer
2025-02-06 09:13:24 [restartedMain] INFO  com.zaxxer.hikari.HikariDataSource - HikariPool-1 - Starting...
2025-02-06 09:13:25 [restartedMain] INFO  com.zaxxer.hikari.pool.HikariPool - HikariPool-1 - Added connection com.mysql.cj.jdbc.ConnectionImpl@6d121c36
2025-02-06 09:13:25 [restartedMain] INFO  com.zaxxer.hikari.HikariDataSource - HikariPool-1 - Start completed.
2025-02-06 09:13:25 [restartedMain] INFO  o.hibernate.orm.connections.pooling - HHH10001005: Database info:
	Database JDBC URL [Connecting through datasource 'HikariDataSource (HikariPool-1)']
	Database driver: undefined/unknown
	Database version: 8.4
	Autocommit mode: undefined/unknown
	Isolation level: undefined/unknown
	Minimum pool size: undefined/unknown
	Maximum pool size: undefined/unknown
2025-02-06 09:13:26 [restartedMain] INFO  o.h.e.t.j.p.i.JtaPlatformInitiator - HHH000489: No JTA platform available (set 'hibernate.transaction.jta.platform' to enable JTA platform integration)
2025-02-06 09:13:26 [restartedMain] INFO  o.s.o.j.LocalContainerEntityManagerFactoryBean - Initialized JPA EntityManagerFactory for persistence unit 'default'
2025-02-06 09:13:27 [restartedMain] WARN  o.s.b.a.o.j.JpaBaseConfiguration$JpaWebConfiguration - spring.jpa.open-in-view is enabled by default. Therefore, database queries may be performed during view rendering. Explicitly configure spring.jpa.open-in-view to disable this warning
2025-02-06 09:13:27 [restartedMain] INFO  o.s.b.a.w.s.WelcomePageHandlerMapping - Adding welcome page template: index
2025-02-06 09:13:27 [restartedMain] INFO  o.s.b.d.a.OptionalLiveReloadServer - LiveReload server is running on port 35729
2025-02-06 09:13:27 [restartedMain] INFO  o.s.b.w.e.tomcat.TomcatWebServer - Tomcat started on port 4001 (http) with context path '/'
2025-02-06 09:13:27 [restartedMain] INFO  c.e.d.Eventmanagementfinal1Application - Started Eventmanagementfinal1Application in 6.184 seconds (process running for 7.125)
2025-02-06 09:13:57 [http-nio-4001-exec-2] INFO  o.a.c.c.C.[Tomcat].[localhost].[/] - Initializing Spring DispatcherServlet 'dispatcherServlet'
2025-02-06 09:13:57 [http-nio-4001-exec-2] INFO  o.s.web.servlet.DispatcherServlet - Initializing Servlet 'dispatcherServlet'
2025-02-06 09:13:57 [http-nio-4001-exec-2] INFO  o.s.web.servlet.DispatcherServlet - Completed initialization in 2 ms
2025-02-06 09:14:26 [http-nio-4001-exec-9] DEBUG c.example.demo.service.AdminService - Checking for correct email: yogeshbabu731@gmail.com
2025-02-06 09:14:26 [http-nio-4001-exec-9] INFO  c.example.demo.service.AdminService - Email matches: yogeshbabu731@gmail.com
2025-02-06 09:14:26 [http-nio-4001-exec-9] DEBUG c.example.demo.service.AdminService - Checking for correct password for email: yogeshbabu731@gmail.com
2025-02-06 09:14:26 [http-nio-4001-exec-9] INFO  c.example.demo.service.AdminService - Password matches for email: yogeshbabu731@gmail.com
2025-02-06 09:14:26 [http-nio-4001-exec-10] DEBUG c.example.demo.service.AdminService - Finding admin with email: yogeshbabu731@gmail.com
2025-02-06 09:14:26 [http-nio-4001-exec-10] INFO  c.example.demo.service.AdminService - Admin found: AdminEntity [emailId=yogeshbabu731@gmail.com, name=Yogesh B, password=Data@123, phoneNumber=9600062045]
2025-02-06 09:14:37 [RMI TCP Connection(11)-127.0.0.1] INFO  o.s.b.a.SpringApplicationAdminMXBeanRegistrar$SpringApplicationAdmin - Application shutdown requested.
2025-02-06 09:14:37 [RMI TCP Connection(11)-127.0.0.1] INFO  o.s.b.w.e.tomcat.GracefulShutdown - Commencing graceful shutdown. Waiting for active requests to complete
2025-02-06 09:14:37 [tomcat-shutdown] INFO  o.s.b.w.e.tomcat.GracefulShutdown - Graceful shutdown complete
2025-02-06 09:14:37 [RMI TCP Connection(11)-127.0.0.1] INFO  o.s.o.j.LocalContainerEntityManagerFactoryBean - Closing JPA EntityManagerFactory for persistence unit 'default'
2025-02-06 09:14:37 [RMI TCP Connection(11)-127.0.0.1] INFO  com.zaxxer.hikari.HikariDataSource - HikariPool-1 - Shutdown initiated...
2025-02-06 09:14:37 [RMI TCP Connection(11)-127.0.0.1] INFO  com.zaxxer.hikari.HikariDataSource - HikariPool-1 - Shutdown completed.
